This file contains any messages produced by compilers while
running configure, to aid debugging if configure makes a mistake.

It was created by libuv configure 1.34.2, which was
generated by GNU Autoconf 2.69.  Invocation command line was

  $ /tmp/neovim/.deps/build/src/libuv/configure --with-pic --disable-shared --prefix=/tmp/neovim/.deps/usr --libdir=/tmp/neovim/.deps/usr/lib CC=/usr/bin/cc MAKE=make

## --------- ##
## Platform. ##
## --------- ##

hostname = centos-s-4vcpu-8gb-sgp1-01
uname -m = x86_64
uname -r = 3.10.0-957.27.2.el7.x86_64
uname -s = Linux
uname -v = #1 SMP Mon Jul 29 17:46:05 UTC 2019

/usr/bin/uname -p = x86_64
/bin/uname -X     = unknown

/bin/arch              = x86_64
/usr/bin/arch -k       = unknown
/usr/convex/getsysinfo = unknown
/usr/bin/hostinfo      = unknown
/bin/machine           = unknown
/usr/bin/oslevel       = unknown
/bin/universe          = unknown

PATH: /usr/local/sbin
PATH: /usr/local/bin
PATH: /usr/sbin
PATH: /usr/bin
PATH: /root/bin


## ----------- ##
## Core tests. ##
## ----------- ##

configure:2345: checking for a BSD-compatible install
configure:2413: result: /usr/bin/install -c
configure:2424: checking whether build environment is sane
configure:2479: result: yes
configure:2630: checking for a thread-safe mkdir -p
configure:2669: result: /usr/bin/mkdir -p
configure:2676: checking for gawk
configure:2692: found /usr/bin/gawk
configure:2703: result: gawk
configure:2714: checking whether make sets $(MAKE)
configure:2736: result: yes
configure:2765: checking whether make supports nested variables
configure:2782: result: yes
configure:2870: checking build system type
configure:2884: result: x86_64-unknown-linux-gnu
configure:2904: checking host system type
configure:2917: result: x86_64-unknown-linux-gnu
configure:3047: checking for gcc
configure:3074: result: /usr/bin/cc
configure:3303: checking for C compiler version
configure:3312: /usr/bin/cc --version >&5
cc (GCC) 4.8.5 20150623 (Red Hat 4.8.5-39)
Copyright (C) 2015 Free Software Foundation, Inc.
This is free software; see the source for copying conditions.  There is NO
warranty; not even for MERCHANTABILITY or FITNESS FOR A PARTICULAR PURPOSE.

configure:3323: $? = 0
configure:3312: /usr/bin/cc -v >&5
Using built-in specs.
COLLECT_GCC=/usr/bin/cc
COLLECT_LTO_WRAPPER=/usr/libexec/gcc/x86_64-redhat-linux/4.8.5/lto-wrapper
Target: x86_64-redhat-linux
Configured with: ../configure --prefix=/usr --mandir=/usr/share/man --infodir=/usr/share/info --with-bugurl=http://bugzilla.redhat.com/bugzilla --enable-bootstrap --enable-shared --enable-threads=posix --enable-checking=release --with-system-zlib --enable-__cxa_atexit --disable-libunwind-exceptions --enable-gnu-unique-object --enable-linker-build-id --with-linker-hash-style=gnu --enable-languages=c,c++,objc,obj-c++,java,fortran,ada,go,lto --enable-plugin --enable-initfini-array --disable-libgcj --with-isl=/builddir/build/BUILD/gcc-4.8.5-20150702/obj-x86_64-redhat-linux/isl-install --with-cloog=/builddir/build/BUILD/gcc-4.8.5-20150702/obj-x86_64-redhat-linux/cloog-install --enable-gnu-indirect-function --with-tune=generic --with-arch_32=x86-64 --build=x86_64-redhat-linux
Thread model: posix
gcc version 4.8.5 20150623 (Red Hat 4.8.5-39) (GCC) 
configure:3323: $? = 0
configure:3312: /usr/bin/cc -V >&5
cc: error: unrecognized command line option '-V'
cc: fatal error: no input files
compilation terminated.
configure:3323: $? = 4
configure:3312: /usr/bin/cc -qversion >&5
cc: error: unrecognized command line option '-qversion'
cc: fatal error: no input files
compilation terminated.
configure:3323: $? = 4
configure:3343: checking whether the C compiler works
configure:3365: /usr/bin/cc    conftest.c  >&5
configure:3369: $? = 0
configure:3417: result: yes
configure:3420: checking for C compiler default output file name
configure:3422: result: a.out
configure:3428: checking for suffix of executables
configure:3435: /usr/bin/cc -o conftest    conftest.c  >&5
configure:3439: $? = 0
configure:3461: result: 
configure:3483: checking whether we are cross compiling
configure:3491: /usr/bin/cc -o conftest    conftest.c  >&5
configure:3495: $? = 0
configure:3502: ./conftest
configure:3506: $? = 0
configure:3521: result: no
configure:3526: checking for suffix of object files
configure:3548: /usr/bin/cc -c   conftest.c >&5
configure:3552: $? = 0
configure:3573: result: o
configure:3577: checking whether we are using the GNU C compiler
configure:3596: /usr/bin/cc -c   conftest.c >&5
configure:3596: $? = 0
configure:3605: result: yes
configure:3614: checking whether /usr/bin/cc accepts -g
configure:3634: /usr/bin/cc -c -g  conftest.c >&5
configure:3634: $? = 0
configure:3675: result: yes
configure:3692: checking for /usr/bin/cc option to accept ISO C89
configure:3755: /usr/bin/cc  -c -g -O2  conftest.c >&5
configure:3755: $? = 0
configure:3768: result: none needed
configure:3799: checking for style of include used by make
configure:3827: result: GNU
configure:3853: checking dependency style of /usr/bin/cc
configure:3964: result: gcc3
configure:3980: checking whether /usr/bin/cc and cc understand -c and -o together
configure:4011: /usr/bin/cc -c conftest.c -o conftest2.o >&5
configure:4015: $? = 0
configure:4021: /usr/bin/cc -c conftest.c -o conftest2.o >&5
configure:4025: $? = 0
configure:4036: cc -c conftest.c >&5
configure:4040: $? = 0
configure:4048: cc -c conftest.c -o conftest2.o >&5
configure:4052: $? = 0
configure:4058: cc -c conftest.c -o conftest2.o >&5
configure:4062: $? = 0
configure:4080: result: yes
configure:4107: checking for /usr/bin/cc way to treat warnings as errors
configure:4122: /usr/bin/cc -c -g -O2 -Werror  conftest.c >&5
configure:4122: $? = 0
configure:4165: result: -Werror
configure:4170: checking if /usr/bin/cc supports -fvisibility=hidden
configure:4187: /usr/bin/cc -c -g -O2 -Werror -fvisibility=hidden  conftest.c >&5
configure:4187: $? = 0
configure:4206: result: yes
configure:4219: checking if /usr/bin/cc supports -g flag
configure:4234: /usr/bin/cc -c -g -O2 -g  conftest.c >&5
configure:4234: $? = 0
configure:4251: result: yes
configure:4263: checking if /usr/bin/cc supports -std=gnu89 flag
configure:4278: /usr/bin/cc -c -g -O2 -g -std=gnu89  conftest.c >&5
configure:4278: $? = 0
configure:4295: result: yes
configure:4307: checking if /usr/bin/cc supports -Wall flag
configure:4322: /usr/bin/cc -c -g -O2 -g -std=gnu89 -Wall  conftest.c >&5
configure:4322: $? = 0
configure:4339: result: yes
configure:4351: checking if /usr/bin/cc supports -Wextra flag
configure:4366: /usr/bin/cc -c -g -O2 -g -std=gnu89 -Wall -Wextra  conftest.c >&5
configure:4366: $? = 0
configure:4383: result: yes
configure:4395: checking if /usr/bin/cc supports -Wno-long-long flag
configure:4410: /usr/bin/cc -c -g -O2 -g -std=gnu89 -Wall -Wextra -Wno-long-long  conftest.c >&5
configure:4410: $? = 0
configure:4427: result: yes
configure:4439: checking if /usr/bin/cc supports -Wno-unused-parameter flag
configure:4454: /usr/bin/cc -c -g -O2 -g -std=gnu89 -Wall -Wextra -Wno-long-long -Wno-unused-parameter  conftest.c >&5
configure:4454: $? = 0
configure:4471: result: yes
configure:4483: checking if /usr/bin/cc supports -Wstrict-prototypes flag
configure:4498: /usr/bin/cc -c -g -O2 -g -std=gnu89 -Wall -Wextra -Wno-long-long -Wno-unused-parameter -Wstrict-prototypes  conftest.c >&5
configure:4498: $? = 0
configure:4515: result: yes
configure:4574: checking for ar
configure:4590: found /usr/bin/ar
configure:4601: result: ar
configure:4627: checking the archiver (ar) interface
configure:4637: /usr/bin/cc -c -g -O2 -g -std=gnu89 -Wall -Wextra -Wno-long-long -Wno-unused-parameter -Wstrict-prototypes  conftest.c >&5
configure:4637: $? = 0
configure:4639: ar cru libconftest.a conftest.o >&5
configure:4642: $? = 0
configure:4665: result: ar
configure:4732: checking how to print strings
configure:4759: result: printf
configure:4780: checking for a sed that does not truncate output
configure:4844: result: /usr/bin/sed
configure:4862: checking for grep that handles long lines and -e
configure:4920: result: /usr/bin/grep
configure:4925: checking for egrep
configure:4987: result: /usr/bin/grep -E
configure:4992: checking for fgrep
configure:5054: result: /usr/bin/grep -F
configure:5089: checking for ld used by /usr/bin/cc
configure:5156: result: /usr/bin/ld
configure:5163: checking if the linker (/usr/bin/ld) is GNU ld
configure:5178: result: yes
configure:5190: checking for BSD- or MS-compatible name lister (nm)
configure:5239: result: /usr/bin/nm -B
configure:5369: checking the name lister (/usr/bin/nm -B) interface
configure:5376: /usr/bin/cc -c -g -O2 -g -std=gnu89 -Wall -Wextra -Wno-long-long -Wno-unused-parameter -Wstrict-prototypes  conftest.c >&5
configure:5379: /usr/bin/nm -B "conftest.o"
configure:5382: output
0000000000000000 B some_variable
configure:5389: result: BSD nm
configure:5392: checking whether ln -s works
configure:5396: result: yes
configure:5404: checking the maximum length of command line arguments
configure:5534: result: 1572864
configure:5551: checking whether the shell understands some XSI constructs
configure:5561: result: yes
configure:5565: checking whether the shell understands "+="
configure:5571: result: yes
configure:5606: checking how to convert x86_64-unknown-linux-gnu file names to x86_64-unknown-linux-gnu format
configure:5646: result: func_convert_file_noop
configure:5653: checking how to convert x86_64-unknown-linux-gnu file names to toolchain format
configure:5673: result: func_convert_file_noop
configure:5680: checking for /usr/bin/ld option to reload object files
configure:5687: result: -r
configure:5761: checking for objdump
configure:5777: found /usr/bin/objdump
configure:5788: result: objdump
configure:5820: checking how to recognize dependent libraries
configure:6022: result: pass_all
configure:6107: checking for dlltool
configure:6137: result: no
configure:6167: checking how to associate runtime and link libraries
configure:6194: result: printf %s\n
configure:6318: checking for archiver @FILE support
configure:6335: /usr/bin/cc -c -g -O2 -g -std=gnu89 -Wall -Wextra -Wno-long-long -Wno-unused-parameter -Wstrict-prototypes  conftest.c >&5
conftest.c:14:1: warning: function declaration isn't a prototype [-Wstrict-prototypes]
 main ()
 ^
configure:6335: $? = 0
configure:6338: ar cru libconftest.a @conftest.lst >&5
configure:6341: $? = 0
configure:6346: ar cru libconftest.a @conftest.lst >&5
ar: conftest.o: No such file or directory
configure:6349: $? = 1
configure:6361: result: @
configure:6419: checking for strip
configure:6435: found /usr/bin/strip
configure:6446: result: strip
configure:6518: checking for ranlib
configure:6534: found /usr/bin/ranlib
configure:6545: result: ranlib
configure:6647: checking command to parse /usr/bin/nm -B output from /usr/bin/cc object
configure:6767: /usr/bin/cc -c -g -O2 -g -std=gnu89 -Wall -Wextra -Wno-long-long -Wno-unused-parameter -Wstrict-prototypes  conftest.c >&5
conftest.c:10:5: warning: function declaration isn't a prototype [-Wstrict-prototypes]
 int main(){nm_test_var='a';nm_test_func();return(0);}
     ^
configure:6770: $? = 0
configure:6774: /usr/bin/nm -B conftest.o \| sed -n -e 's/^.*[ ]\([ABCDGIRSTW][ABCDGIRSTW]*\)[ ][ ]*\([_A-Za-z][_A-Za-z0-9]*\)$/\1 \2 \2/p' | sed '/ __gnu_lto/d' \> conftest.nm
configure:6777: $? = 0
configure:6843: /usr/bin/cc -o conftest -g -O2 -g -std=gnu89 -Wall -Wextra -Wno-long-long -Wno-unused-parameter -Wstrict-prototypes   conftest.c conftstm.o >&5
conftest.c:18:1: warning: function declaration isn't a prototype [-Wstrict-prototypes]
 extern int nm_test_func();
 ^
configure:6846: $? = 0
configure:6884: result: ok
configure:6921: checking for sysroot
configure:6951: result: no
configure:7028: /usr/bin/cc -c -g -O2 -g -std=gnu89 -Wall -Wextra -Wno-long-long -Wno-unused-parameter -Wstrict-prototypes  conftest.c >&5
configure:7031: $? = 0
configure:7207: checking for mt
configure:7237: result: no
configure:7257: checking if : is a manifest tool
configure:7263: : '-?'
configure:7271: result: no
configure:7913: checking how to run the C preprocessor
configure:7944: /usr/bin/cc -E  conftest.c
configure:7944: $? = 0
configure:7958: /usr/bin/cc -E  conftest.c
conftest.c:12:28: fatal error: ac_nonexistent.h: No such file or directory
 #include <ac_nonexistent.h>
                            ^
compilation terminated.
configure:7958: $? = 1
configure: failed program was:
| /* confdefs.h */
| #define PACKAGE_NAME "libuv"
| #define PACKAGE_TARNAME "libuv"
| #define PACKAGE_VERSION "1.34.2"
| #define PACKAGE_STRING "libuv 1.34.2"
| #define PACKAGE_BUGREPORT "https://github.com/libuv/libuv/issues"
| #define PACKAGE_URL ""
| #define PACKAGE "libuv"
| #define VERSION "1.34.2"
| #define SUPPORT_FLAG_VISIBILITY 1
| /* end confdefs.h.  */
| #include <ac_nonexistent.h>
configure:7983: result: /usr/bin/cc -E
configure:8003: /usr/bin/cc -E  conftest.c
configure:8003: $? = 0
configure:8017: /usr/bin/cc -E  conftest.c
conftest.c:12:28: fatal error: ac_nonexistent.h: No such file or directory
 #include <ac_nonexistent.h>
                            ^
compilation terminated.
configure:8017: $? = 1
configure: failed program was:
| /* confdefs.h */
| #define PACKAGE_NAME "libuv"
| #define PACKAGE_TARNAME "libuv"
| #define PACKAGE_VERSION "1.34.2"
| #define PACKAGE_STRING "libuv 1.34.2"
| #define PACKAGE_BUGREPORT "https://github.com/libuv/libuv/issues"
| #define PACKAGE_URL ""
| #define PACKAGE "libuv"
| #define VERSION "1.34.2"
| #define SUPPORT_FLAG_VISIBILITY 1
| /* end confdefs.h.  */
| #include <ac_nonexistent.h>
configure:8046: checking for ANSI C header files
configure:8066: /usr/bin/cc -c -g -O2 -g -std=gnu89 -Wall -Wextra -Wno-long-long -Wno-unused-parameter -Wstrict-prototypes  conftest.c >&5
conftest.c:18:1: warning: function declaration isn't a prototype [-Wstrict-prototypes]
 main ()
 ^
configure:8066: $? = 0
configure:8139: /usr/bin/cc -o conftest -g -O2 -g -std=gnu89 -Wall -Wextra -Wno-long-long -Wno-unused-parameter -Wstrict-prototypes   conftest.c  >&5
conftest.c:24:1: warning: function declaration isn't a prototype [-Wstrict-prototypes]
 main ()
 ^
configure:8139: $? = 0
configure:8139: ./conftest
configure:8139: $? = 0
configure:8150: result: yes
configure:8163: checking for sys/types.h
configure:8163: /usr/bin/cc -c -g -O2 -g -std=gnu89 -Wall -Wextra -Wno-long-long -Wno-unused-parameter -Wstrict-prototypes  conftest.c >&5
configure:8163: $? = 0
configure:8163: result: yes
configure:8163: checking for sys/stat.h
configure:8163: /usr/bin/cc -c -g -O2 -g -std=gnu89 -Wall -Wextra -Wno-long-long -Wno-unused-parameter -Wstrict-prototypes  conftest.c >&5
configure:8163: $? = 0
configure:8163: result: yes
configure:8163: checking for stdlib.h
configure:8163: /usr/bin/cc -c -g -O2 -g -std=gnu89 -Wall -Wextra -Wno-long-long -Wno-unused-parameter -Wstrict-prototypes  conftest.c >&5
configure:8163: $? = 0
configure:8163: result: yes
configure:8163: checking for string.h
configure:8163: /usr/bin/cc -c -g -O2 -g -std=gnu89 -Wall -Wextra -Wno-long-long -Wno-unused-parameter -Wstrict-prototypes  conftest.c >&5
configure:8163: $? = 0
configure:8163: result: yes
configure:8163: checking for memory.h
configure:8163: /usr/bin/cc -c -g -O2 -g -std=gnu89 -Wall -Wextra -Wno-long-long -Wno-unused-parameter -Wstrict-prototypes  conftest.c >&5
configure:8163: $? = 0
configure:8163: result: yes
configure:8163: checking for strings.h
configure:8163: /usr/bin/cc -c -g -O2 -g -std=gnu89 -Wall -Wextra -Wno-long-long -Wno-unused-parameter -Wstrict-prototypes  conftest.c >&5
configure:8163: $? = 0
configure:8163: result: yes
configure:8163: checking for inttypes.h
configure:8163: /usr/bin/cc -c -g -O2 -g -std=gnu89 -Wall -Wextra -Wno-long-long -Wno-unused-parameter -Wstrict-prototypes  conftest.c >&5
configure:8163: $? = 0
configure:8163: result: yes
configure:8163: checking for stdint.h
configure:8163: /usr/bin/cc -c -g -O2 -g -std=gnu89 -Wall -Wextra -Wno-long-long -Wno-unused-parameter -Wstrict-prototypes  conftest.c >&5
configure:8163: $? = 0
configure:8163: result: yes
configure:8163: checking for unistd.h
configure:8163: /usr/bin/cc -c -g -O2 -g -std=gnu89 -Wall -Wextra -Wno-long-long -Wno-unused-parameter -Wstrict-prototypes  conftest.c >&5
configure:8163: $? = 0
configure:8163: result: yes
configure:8177: checking for dlfcn.h
configure:8177: /usr/bin/cc -c -g -O2 -g -std=gnu89 -Wall -Wextra -Wno-long-long -Wno-unused-parameter -Wstrict-prototypes  conftest.c >&5
configure:8177: $? = 0
configure:8177: result: yes
configure:8323: checking for objdir
configure:8338: result: .libs
configure:8609: checking if /usr/bin/cc supports -fno-rtti -fno-exceptions
configure:8627: /usr/bin/cc -c -g -O2 -g -std=gnu89 -Wall -Wextra -Wno-long-long -Wno-unused-parameter -Wstrict-prototypes  -fno-rtti -fno-exceptions conftest.c >&5
cc1: warning: command line option '-fno-rtti' is valid for C++/ObjC++ but not for C [enabled by default]
configure:8631: $? = 0
configure:8644: result: no
configure:8971: checking for /usr/bin/cc option to produce PIC
configure:8978: result: -fPIC -DPIC
configure:8986: checking if /usr/bin/cc PIC flag -fPIC -DPIC works
configure:9004: /usr/bin/cc -c -g -O2 -g -std=gnu89 -Wall -Wextra -Wno-long-long -Wno-unused-parameter -Wstrict-prototypes  -fPIC -DPIC -DPIC conftest.c >&5
configure:9008: $? = 0
configure:9021: result: yes
configure:9050: checking if /usr/bin/cc static flag -static works
configure:9078: result: no
configure:9093: checking if /usr/bin/cc supports -c -o file.o
configure:9114: /usr/bin/cc -c -g -O2 -g -std=gnu89 -Wall -Wextra -Wno-long-long -Wno-unused-parameter -Wstrict-prototypes  -o out/conftest2.o conftest.c >&5
configure:9118: $? = 0
configure:9140: result: yes
configure:9148: checking if /usr/bin/cc supports -c -o file.o
configure:9195: result: yes
configure:9228: checking whether the /usr/bin/cc linker (/usr/bin/ld -m elf_x86_64) supports shared libraries
configure:10381: result: yes
configure:10621: checking dynamic linker characteristics
configure:11132: /usr/bin/cc -o conftest -g -O2 -g -std=gnu89 -Wall -Wextra -Wno-long-long -Wno-unused-parameter -Wstrict-prototypes   -Wl,-rpath -Wl,/foo conftest.c  >&5
conftest.c:26:1: warning: function declaration isn't a prototype [-Wstrict-prototypes]
 main ()
 ^
configure:11132: $? = 0
configure:11358: result: GNU/Linux ld.so
configure:11465: checking how to hardcode library paths into programs
configure:11490: result: immediate
configure:12030: checking whether stripping libraries is possible
configure:12035: result: yes
configure:12070: checking if libtool supports shared libraries
configure:12072: result: yes
configure:12075: checking whether to build shared libraries
configure:12096: result: no
configure:12099: checking whether to build static libraries
configure:12103: result: yes
configure:12151: checking whether make supports nested variables
configure:12168: result: yes
configure:12181: checking for dlopen in -ldl
configure:12206: /usr/bin/cc -o conftest -g -O2 -g -std=gnu89 -Wall -Wextra -Wno-long-long -Wno-unused-parameter -Wstrict-prototypes   conftest.c -ldl   >&5
conftest.c:31:1: warning: function declaration isn't a prototype [-Wstrict-prototypes]
 char dlopen ();
 ^
conftest.c:33:1: warning: function declaration isn't a prototype [-Wstrict-prototypes]
 main ()
 ^
configure:12206: $? = 0
configure:12215: result: yes
configure:12226: checking for kstat_lookup in -lkstat
configure:12251: /usr/bin/cc -o conftest -g -O2 -g -std=gnu89 -Wall -Wextra -Wno-long-long -Wno-unused-parameter -Wstrict-prototypes   conftest.c -lkstat  -ldl  >&5
conftest.c:32:1: warning: function declaration isn't a prototype [-Wstrict-prototypes]
 char kstat_lookup ();
 ^
conftest.c:34:1: warning: function declaration isn't a prototype [-Wstrict-prototypes]
 main ()
 ^
/usr/bin/ld: cannot find -lkstat
collect2: error: ld returned 1 exit status
configure:12251: $? = 1
configure: failed program was:
| /* confdefs.h */
| #define PACKAGE_NAME "libuv"
| #define PACKAGE_TARNAME "libuv"
| #define PACKAGE_VERSION "1.34.2"
| #define PACKAGE_STRING "libuv 1.34.2"
| #define PACKAGE_BUGREPORT "https://github.com/libuv/libuv/issues"
| #define PACKAGE_URL ""
| #define PACKAGE "libuv"
| #define VERSION "1.34.2"
| #define SUPPORT_FLAG_VISIBILITY 1
| #define STDC_HEADERS 1
| #define HAVE_SYS_TYPES_H 1
| #define HAVE_SYS_STAT_H 1
| #define HAVE_STDLIB_H 1
| #define HAVE_STRING_H 1
| #define HAVE_MEMORY_H 1
| #define HAVE_STRINGS_H 1
| #define HAVE_INTTYPES_H 1
| #define HAVE_STDINT_H 1
| #define HAVE_UNISTD_H 1
| #define HAVE_DLFCN_H 1
| #define LT_OBJDIR ".libs/"
| #define HAVE_LIBDL 1
| /* end confdefs.h.  */
| 
| /* Override any GCC internal prototype to avoid an error.
|    Use char because int might match the return type of a GCC
|    builtin and then its argument prototype would still apply.  */
| #ifdef __cplusplus
| extern "C"
| #endif
| char kstat_lookup ();
| int
| main ()
| {
| return kstat_lookup ();
|   ;
|   return 0;
| }
configure:12260: result: no
configure:12271: checking for gethostbyname in -lnsl
configure:12296: /usr/bin/cc -o conftest -g -O2 -g -std=gnu89 -Wall -Wextra -Wno-long-long -Wno-unused-parameter -Wstrict-prototypes   conftest.c -lnsl  -ldl  >&5
conftest.c:32:1: warning: function declaration isn't a prototype [-Wstrict-prototypes]
 char gethostbyname ();
 ^
conftest.c:34:1: warning: function declaration isn't a prototype [-Wstrict-prototypes]
 main ()
 ^
configure:12296: $? = 0
configure:12305: result: yes
configure:12316: checking for perfstat_cpu in -lperfstat
configure:12341: /usr/bin/cc -o conftest -g -O2 -g -std=gnu89 -Wall -Wextra -Wno-long-long -Wno-unused-parameter -Wstrict-prototypes   conftest.c -lperfstat  -lnsl -ldl  >&5
conftest.c:33:1: warning: function declaration isn't a prototype [-Wstrict-prototypes]
 char perfstat_cpu ();
 ^
conftest.c:35:1: warning: function declaration isn't a prototype [-Wstrict-prototypes]
 main ()
 ^
/usr/bin/ld: cannot find -lperfstat
collect2: error: ld returned 1 exit status
configure:12341: $? = 1
configure: failed program was:
| /* confdefs.h */
| #define PACKAGE_NAME "libuv"
| #define PACKAGE_TARNAME "libuv"
| #define PACKAGE_VERSION "1.34.2"
| #define PACKAGE_STRING "libuv 1.34.2"
| #define PACKAGE_BUGREPORT "https://github.com/libuv/libuv/issues"
| #define PACKAGE_URL ""
| #define PACKAGE "libuv"
| #define VERSION "1.34.2"
| #define SUPPORT_FLAG_VISIBILITY 1
| #define STDC_HEADERS 1
| #define HAVE_SYS_TYPES_H 1
| #define HAVE_SYS_STAT_H 1
| #define HAVE_STDLIB_H 1
| #define HAVE_STRING_H 1
| #define HAVE_MEMORY_H 1
| #define HAVE_STRINGS_H 1
| #define HAVE_INTTYPES_H 1
| #define HAVE_STDINT_H 1
| #define HAVE_UNISTD_H 1
| #define HAVE_DLFCN_H 1
| #define LT_OBJDIR ".libs/"
| #define HAVE_LIBDL 1
| #define HAVE_LIBNSL 1
| /* end confdefs.h.  */
| 
| /* Override any GCC internal prototype to avoid an error.
|    Use char because int might match the return type of a GCC
|    builtin and then its argument prototype would still apply.  */
| #ifdef __cplusplus
| extern "C"
| #endif
| char perfstat_cpu ();
| int
| main ()
| {
| return perfstat_cpu ();
|   ;
|   return 0;
| }
configure:12350: result: no
configure:12361: checking for pthread_mutex_init in -lpthread
configure:12386: /usr/bin/cc -o conftest -g -O2 -g -std=gnu89 -Wall -Wextra -Wno-long-long -Wno-unused-parameter -Wstrict-prototypes   conftest.c -lpthread  -lnsl -ldl  >&5
conftest.c:33:1: warning: function declaration isn't a prototype [-Wstrict-prototypes]
 char pthread_mutex_init ();
 ^
conftest.c:35:1: warning: function declaration isn't a prototype [-Wstrict-prototypes]
 main ()
 ^
configure:12386: $? = 0
configure:12395: result: yes
configure:12406: checking for clock_gettime in -lrt
configure:12431: /usr/bin/cc -o conftest -g -O2 -g -std=gnu89 -Wall -Wextra -Wno-long-long -Wno-unused-parameter -Wstrict-prototypes   conftest.c -lrt  -lpthread -lnsl -ldl  >&5
conftest.c:34:1: warning: function declaration isn't a prototype [-Wstrict-prototypes]
 char clock_gettime ();
 ^
conftest.c:36:1: warning: function declaration isn't a prototype [-Wstrict-prototypes]
 main ()
 ^
configure:12431: $? = 0
configure:12440: result: yes
configure:12451: checking for sendfile in -lsendfile
configure:12476: /usr/bin/cc -o conftest -g -O2 -g -std=gnu89 -Wall -Wextra -Wno-long-long -Wno-unused-parameter -Wstrict-prototypes   conftest.c -lsendfile  -lrt -lpthread -lnsl -ldl  >&5
conftest.c:35:1: warning: function declaration isn't a prototype [-Wstrict-prototypes]
 char sendfile ();
 ^
conftest.c:37:1: warning: function declaration isn't a prototype [-Wstrict-prototypes]
 main ()
 ^
/usr/bin/ld: cannot find -lsendfile
collect2: error: ld returned 1 exit status
configure:12476: $? = 1
configure: failed program was:
| /* confdefs.h */
| #define PACKAGE_NAME "libuv"
| #define PACKAGE_TARNAME "libuv"
| #define PACKAGE_VERSION "1.34.2"
| #define PACKAGE_STRING "libuv 1.34.2"
| #define PACKAGE_BUGREPORT "https://github.com/libuv/libuv/issues"
| #define PACKAGE_URL ""
| #define PACKAGE "libuv"
| #define VERSION "1.34.2"
| #define SUPPORT_FLAG_VISIBILITY 1
| #define STDC_HEADERS 1
| #define HAVE_SYS_TYPES_H 1
| #define HAVE_SYS_STAT_H 1
| #define HAVE_STDLIB_H 1
| #define HAVE_STRING_H 1
| #define HAVE_MEMORY_H 1
| #define HAVE_STRINGS_H 1
| #define HAVE_INTTYPES_H 1
| #define HAVE_STDINT_H 1
| #define HAVE_UNISTD_H 1
| #define HAVE_DLFCN_H 1
| #define LT_OBJDIR ".libs/"
| #define HAVE_LIBDL 1
| #define HAVE_LIBNSL 1
| #define HAVE_LIBPTHREAD 1
| #define HAVE_LIBRT 1
| /* end confdefs.h.  */
| 
| /* Override any GCC internal prototype to avoid an error.
|    Use char because int might match the return type of a GCC
|    builtin and then its argument prototype would still apply.  */
| #ifdef __cplusplus
| extern "C"
| #endif
| char sendfile ();
| int
| main ()
| {
| return sendfile ();
|   ;
|   return 0;
| }
configure:12485: result: no
configure:12496: checking for socket in -lsocket
configure:12521: /usr/bin/cc -o conftest -g -O2 -g -std=gnu89 -Wall -Wextra -Wno-long-long -Wno-unused-parameter -Wstrict-prototypes   conftest.c -lsocket  -lrt -lpthread -lnsl -ldl  >&5
conftest.c:35:1: warning: function declaration isn't a prototype [-Wstrict-prototypes]
 char socket ();
 ^
conftest.c:37:1: warning: function declaration isn't a prototype [-Wstrict-prototypes]
 main ()
 ^
/usr/bin/ld: cannot find -lsocket
collect2: error: ld returned 1 exit status
configure:12521: $? = 1
configure: failed program was:
| /* confdefs.h */
| #define PACKAGE_NAME "libuv"
| #define PACKAGE_TARNAME "libuv"
| #define PACKAGE_VERSION "1.34.2"
| #define PACKAGE_STRING "libuv 1.34.2"
| #define PACKAGE_BUGREPORT "https://github.com/libuv/libuv/issues"
| #define PACKAGE_URL ""
| #define PACKAGE "libuv"
| #define VERSION "1.34.2"
| #define SUPPORT_FLAG_VISIBILITY 1
| #define STDC_HEADERS 1
| #define HAVE_SYS_TYPES_H 1
| #define HAVE_SYS_STAT_H 1
| #define HAVE_STDLIB_H 1
| #define HAVE_STRING_H 1
| #define HAVE_MEMORY_H 1
| #define HAVE_STRINGS_H 1
| #define HAVE_INTTYPES_H 1
| #define HAVE_STDINT_H 1
| #define HAVE_UNISTD_H 1
| #define HAVE_DLFCN_H 1
| #define LT_OBJDIR ".libs/"
| #define HAVE_LIBDL 1
| #define HAVE_LIBNSL 1
| #define HAVE_LIBPTHREAD 1
| #define HAVE_LIBRT 1
| /* end confdefs.h.  */
| 
| /* Override any GCC internal prototype to avoid an error.
|    Use char because int might match the return type of a GCC
|    builtin and then its argument prototype would still apply.  */
| #ifdef __cplusplus
| extern "C"
| #endif
| char socket ();
| int
| main ()
| {
| return socket ();
|   ;
|   return 0;
| }
configure:12530: result: no
configure:12548: checking for special C compiler options needed for large files
configure:12593: result: no
configure:12599: checking for _FILE_OFFSET_BITS value needed for large files
configure:12624: /usr/bin/cc -c -g -O2 -g -std=gnu89 -Wall -Wextra -Wno-long-long -Wno-unused-parameter -Wstrict-prototypes  conftest.c >&5
conftest.c:38:1: warning: function declaration isn't a prototype [-Wstrict-prototypes]
 main ()
 ^
configure:12624: $? = 0
configure:12656: result: no
configure:12981: checking sys/ahafs_evProds.h usability
configure:12981: /usr/bin/cc -c -g -O2 -g -std=gnu89 -Wall -Wextra -Wno-long-long -Wno-unused-parameter -Wstrict-prototypes  conftest.c >&5
conftest.c:61:31: fatal error: sys/ahafs_evProds.h: No such file or directory
 #include <sys/ahafs_evProds.h>
                               ^
compilation terminated.
configure:12981: $? = 1
configure: failed program was:
| /* confdefs.h */
| #define PACKAGE_NAME "libuv"
| #define PACKAGE_TARNAME "libuv"
| #define PACKAGE_VERSION "1.34.2"
| #define PACKAGE_STRING "libuv 1.34.2"
| #define PACKAGE_BUGREPORT "https://github.com/libuv/libuv/issues"
| #define PACKAGE_URL ""
| #define PACKAGE "libuv"
| #define VERSION "1.34.2"
| #define SUPPORT_FLAG_VISIBILITY 1
| #define STDC_HEADERS 1
| #define HAVE_SYS_TYPES_H 1
| #define HAVE_SYS_STAT_H 1
| #define HAVE_STDLIB_H 1
| #define HAVE_STRING_H 1
| #define HAVE_MEMORY_H 1
| #define HAVE_STRINGS_H 1
| #define HAVE_INTTYPES_H 1
| #define HAVE_STDINT_H 1
| #define HAVE_UNISTD_H 1
| #define HAVE_DLFCN_H 1
| #define LT_OBJDIR ".libs/"
| #define HAVE_LIBDL 1
| #define HAVE_LIBNSL 1
| #define HAVE_LIBPTHREAD 1
| #define HAVE_LIBRT 1
| /* end confdefs.h.  */
| #include <stdio.h>
| #ifdef HAVE_SYS_TYPES_H
| # include <sys/types.h>
| #endif
| #ifdef HAVE_SYS_STAT_H
| # include <sys/stat.h>
| #endif
| #ifdef STDC_HEADERS
| # include <stdlib.h>
| # include <stddef.h>
| #else
| # ifdef HAVE_STDLIB_H
| #  include <stdlib.h>
| # endif
| #endif
| #ifdef HAVE_STRING_H
| # if !defined STDC_HEADERS && defined HAVE_MEMORY_H
| #  include <memory.h>
| # endif
| # include <string.h>
| #endif
| #ifdef HAVE_STRINGS_H
| # include <strings.h>
| #endif
| #ifdef HAVE_INTTYPES_H
| # include <inttypes.h>
| #endif
| #ifdef HAVE_STDINT_H
| # include <stdint.h>
| #endif
| #ifdef HAVE_UNISTD_H
| # include <unistd.h>
| #endif
| #include <sys/ahafs_evProds.h>
configure:12981: result: no
configure:12981: checking sys/ahafs_evProds.h presence
configure:12981: /usr/bin/cc -E  conftest.c
conftest.c:28:31: fatal error: sys/ahafs_evProds.h: No such file or directory
 #include <sys/ahafs_evProds.h>
                               ^
compilation terminated.
configure:12981: $? = 1
configure: failed program was:
| /* confdefs.h */
| #define PACKAGE_NAME "libuv"
| #define PACKAGE_TARNAME "libuv"
| #define PACKAGE_VERSION "1.34.2"
| #define PACKAGE_STRING "libuv 1.34.2"
| #define PACKAGE_BUGREPORT "https://github.com/libuv/libuv/issues"
| #define PACKAGE_URL ""
| #define PACKAGE "libuv"
| #define VERSION "1.34.2"
| #define SUPPORT_FLAG_VISIBILITY 1
| #define STDC_HEADERS 1
| #define HAVE_SYS_TYPES_H 1
| #define HAVE_SYS_STAT_H 1
| #define HAVE_STDLIB_H 1
| #define HAVE_STRING_H 1
| #define HAVE_MEMORY_H 1
| #define HAVE_STRINGS_H 1
| #define HAVE_INTTYPES_H 1
| #define HAVE_STDINT_H 1
| #define HAVE_UNISTD_H 1
| #define HAVE_DLFCN_H 1
| #define LT_OBJDIR ".libs/"
| #define HAVE_LIBDL 1
| #define HAVE_LIBNSL 1
| #define HAVE_LIBPTHREAD 1
| #define HAVE_LIBRT 1
| /* end confdefs.h.  */
| #include <sys/ahafs_evProds.h>
configure:12981: result: no
configure:12981: checking for sys/ahafs_evProds.h
configure:12981: result: no
configure:13144: checking that generated files are newer than configure
configure:13150: result: done
configure:13237: creating ./config.status

## ---------------------- ##
## Running config.status. ##
## ---------------------- ##

This file was extended by libuv config.status 1.34.2, which was
generated by GNU Autoconf 2.69.  Invocation command line was

  CONFIG_FILES    = 
  CONFIG_HEADERS  = 
  CONFIG_LINKS    = 
  CONFIG_COMMANDS = 
  $ ./config.status 

on centos-s-4vcpu-8gb-sgp1-01

config.status:1041: creating Makefile
config.status:1041: creating libuv.pc
config.status:1210: linking /tmp/neovim/.deps/build/src/libuv/test/fixtures/empty_file to test/fixtures/empty_file
config.status:1210: linking /tmp/neovim/.deps/build/src/libuv/test/fixtures/load_error.node to test/fixtures/load_error.node
config.status:1210: linking /tmp/neovim/.deps/build/src/libuv/test/fixtures/lorem_ipsum.txt to test/fixtures/lorem_ipsum.txt
config.status:1229: executing depfiles commands
config.status:1229: executing libtool commands

## ---------------- ##
## Cache variables. ##
## ---------------- ##

ac_cv_build=x86_64-unknown-linux-gnu
ac_cv_c_compiler_gnu=yes
ac_cv_env_CC_set=set
ac_cv_env_CC_value=/usr/bin/cc
ac_cv_env_CFLAGS_set=
ac_cv_env_CFLAGS_value=
ac_cv_env_CPPFLAGS_set=
ac_cv_env_CPPFLAGS_value=
ac_cv_env_CPP_set=
ac_cv_env_CPP_value=
ac_cv_env_LDFLAGS_set=
ac_cv_env_LDFLAGS_value=
ac_cv_env_LIBS_set=
ac_cv_env_LIBS_value=
ac_cv_env_build_alias_set=
ac_cv_env_build_alias_value=
ac_cv_env_host_alias_set=
ac_cv_env_host_alias_value=
ac_cv_env_target_alias_set=
ac_cv_env_target_alias_value=
ac_cv_header_dlfcn_h=yes
ac_cv_header_inttypes_h=yes
ac_cv_header_memory_h=yes
ac_cv_header_stdc=yes
ac_cv_header_stdint_h=yes
ac_cv_header_stdlib_h=yes
ac_cv_header_string_h=yes
ac_cv_header_strings_h=yes
ac_cv_header_sys_ahafs_evProds_h=no
ac_cv_header_sys_stat_h=yes
ac_cv_header_sys_types_h=yes
ac_cv_header_unistd_h=yes
ac_cv_host=x86_64-unknown-linux-gnu
ac_cv_lib_dl_dlopen=yes
ac_cv_lib_kstat_kstat_lookup=no
ac_cv_lib_nsl_gethostbyname=yes
ac_cv_lib_perfstat_perfstat_cpu=no
ac_cv_lib_pthread_pthread_mutex_init=yes
ac_cv_lib_rt_clock_gettime=yes
ac_cv_lib_sendfile_sendfile=no
ac_cv_lib_socket_socket=no
ac_cv_objext=o
ac_cv_path_EGREP='/usr/bin/grep -E'
ac_cv_path_FGREP='/usr/bin/grep -F'
ac_cv_path_GREP=/usr/bin/grep
ac_cv_path_SED=/usr/bin/sed
ac_cv_path_install='/usr/bin/install -c'
ac_cv_path_mkdir=/usr/bin/mkdir
ac_cv_prog_AWK=gawk
ac_cv_prog_CPP='/usr/bin/cc -E'
ac_cv_prog_ac_ct_AR=ar
ac_cv_prog_ac_ct_CC=/usr/bin/cc
ac_cv_prog_ac_ct_OBJDUMP=objdump
ac_cv_prog_ac_ct_RANLIB=ranlib
ac_cv_prog_ac_ct_STRIP=strip
ac_cv_prog_cc__usr_bin_cc_c_o=yes
ac_cv_prog_cc_c89=
ac_cv_prog_cc_g=yes
ac_cv_prog_make_make_set=yes
ac_cv_sys_file_offset_bits=no
ac_cv_sys_largefile_CC=no
am_cv_CC_dependencies_compiler_type=gcc3
am_cv_ar_interface=ar
am_cv_make_support_nested_variables=yes
cc_cv_cflags__Wall=yes
cc_cv_cflags__Werror=yes
cc_cv_cflags__Wextra=yes
cc_cv_cflags__Wno_long_long=yes
cc_cv_cflags__Wno_unused_parameter=yes
cc_cv_cflags__Wstrict_prototypes=yes
cc_cv_cflags__fvisibility_hidden=yes
cc_cv_cflags__g=yes
cc_cv_cflags__std_gnu89=yes
cc_cv_flag_visibility=yes
cc_cv_werror=-Werror
lt_cv_ar_at_file=@
lt_cv_deplibs_check_method=pass_all
lt_cv_file_magic_cmd='$MAGIC_CMD'
lt_cv_file_magic_test_file=
lt_cv_ld_reload_flag=-r
lt_cv_nm_interface='BSD nm'
lt_cv_objdir=.libs
lt_cv_path_LD=/usr/bin/ld
lt_cv_path_NM='/usr/bin/nm -B'
lt_cv_path_mainfest_tool=no
lt_cv_prog_compiler_c_o=yes
lt_cv_prog_compiler_pic='-fPIC -DPIC'
lt_cv_prog_compiler_pic_works=yes
lt_cv_prog_compiler_rtti_exceptions=no
lt_cv_prog_compiler_static_works=no
lt_cv_prog_gnu_ld=yes
lt_cv_sharedlib_from_linklib_cmd='printf %s\n'
lt_cv_shlibpath_overrides_runpath=no
lt_cv_sys_global_symbol_pipe='sed -n -e '\''s/^.*[	 ]\([ABCDGIRSTW][ABCDGIRSTW]*\)[	 ][	 ]*\([_A-Za-z][_A-Za-z0-9]*\)$/\1 \2 \2/p'\'' | sed '\''/ __gnu_lto/d'\'''
lt_cv_sys_global_symbol_to_c_name_address='sed -n -e '\''s/^: \([^ ]*\)[ ]*$/  {\"\1\", (void *) 0},/p'\'' -e '\''s/^[ABCDGIRSTW]* \([^ ]*\) \([^ ]*\)$/  {"\2", (void *) \&\2},/p'\'''
lt_cv_sys_global_symbol_to_c_name_address_lib_prefix='sed -n -e '\''s/^: \([^ ]*\)[ ]*$/  {\"\1\", (void *) 0},/p'\'' -e '\''s/^[ABCDGIRSTW]* \([^ ]*\) \(lib[^ ]*\)$/  {"\2", (void *) \&\2},/p'\'' -e '\''s/^[ABCDGIRSTW]* \([^ ]*\) \([^ ]*\)$/  {"lib\2", (void *) \&\2},/p'\'''
lt_cv_sys_global_symbol_to_cdecl='sed -n -e '\''s/^T .* \(.*\)$/extern int \1();/p'\'' -e '\''s/^[ABCDGIRSTW]* .* \(.*\)$/extern char \1;/p'\'''
lt_cv_sys_max_cmd_len=1572864
lt_cv_to_host_file_cmd=func_convert_file_noop
lt_cv_to_tool_file_cmd=func_convert_file_noop

## ----------------- ##
## Output variables. ##
## ----------------- ##

ACLOCAL='${SHELL} /tmp/neovim/.deps/build/src/libuv/missing aclocal-1.13'
AIX_FALSE=''
AIX_TRUE='#'
AMDEPBACKSLASH='\'
AMDEP_FALSE='#'
AMDEP_TRUE=''
AMTAR='$${TAR-tar}'
AM_BACKSLASH='\'
AM_DEFAULT_V='$(AM_DEFAULT_VERBOSITY)'
AM_DEFAULT_VERBOSITY='0'
AM_V='$(V)'
ANDROID_FALSE=''
ANDROID_TRUE='#'
AR='ar'
AUTOCONF='${SHELL} /tmp/neovim/.deps/build/src/libuv/missing autoconf'
AUTOHEADER='${SHELL} /tmp/neovim/.deps/build/src/libuv/missing autoheader'
AUTOMAKE='${SHELL} /tmp/neovim/.deps/build/src/libuv/missing automake-1.13'
AWK='gawk'
CC='/usr/bin/cc'
CCDEPMODE='depmode=gcc3'
CFLAGS='-g -O2 -g -std=gnu89 -Wall -Wextra -Wno-long-long -Wno-unused-parameter -Wstrict-prototypes'
CPP='/usr/bin/cc -E'
CPPFLAGS=''
CYGPATH_W='echo'
CYGWIN_FALSE=''
CYGWIN_TRUE='#'
DARWIN_FALSE=''
DARWIN_TRUE='#'
DEFS='-DPACKAGE_NAME=\"libuv\" -DPACKAGE_TARNAME=\"libuv\" -DPACKAGE_VERSION=\"1.34.2\" -DPACKAGE_STRING=\"libuv\ 1.34.2\" -DPACKAGE_BUGREPORT=\"https://github.com/libuv/libuv/issues\" -DPACKAGE_URL=\"\" -DPACKAGE=\"libuv\" -DVERSION=\"1.34.2\" -DSUPPORT_FLAG_VISIBILITY=1 -DSTDC_HEADERS=1 -DHAVE_SYS_TYPES_H=1 -DHAVE_SYS_STAT_H=1 -DHAVE_STDLIB_H=1 -DHAVE_STRING_H=1 -DHAVE_MEMORY_H=1 -DHAVE_STRINGS_H=1 -DHAVE_INTTYPES_H=1 -DHAVE_STDINT_H=1 -DHAVE_UNISTD_H=1 -DHAVE_DLFCN_H=1 -DLT_OBJDIR=\".libs/\" -DHAVE_LIBDL=1 -DHAVE_LIBNSL=1 -DHAVE_LIBPTHREAD=1 -DHAVE_LIBRT=1'
DEPDIR='.deps'
DLLTOOL='false'
DRAGONFLY_FALSE=''
DRAGONFLY_TRUE='#'
DSYMUTIL=''
DUMPBIN=''
ECHO_C=''
ECHO_N='-n'
ECHO_T=''
EGREP='/usr/bin/grep -E'
EXEEXT=''
FGREP='/usr/bin/grep -F'
FREEBSD_FALSE=''
FREEBSD_TRUE='#'
GREP='/usr/bin/grep'
HAIKU_FALSE=''
HAIKU_TRUE='#'
HURD_FALSE=''
HURD_TRUE='#'
INSTALL_DATA='${INSTALL} -m 644'
INSTALL_PROGRAM='${INSTALL}'
INSTALL_SCRIPT='${INSTALL}'
INSTALL_STRIP_PROGRAM='$(install_sh) -c -s'
LD='/usr/bin/ld -m elf_x86_64'
LDFLAGS=''
LIBOBJS=''
LIBS='-lrt -lpthread -lnsl -ldl '
LIBTOOL='$(SHELL) $(top_builddir)/libtool'
LINUX_FALSE='#'
LINUX_TRUE=''
LIPO=''
LN_S='ln -s'
LTLIBOBJS=''
MAKEINFO='${SHELL} /tmp/neovim/.deps/build/src/libuv/missing makeinfo'
MANIFEST_TOOL=':'
MKDIR_P='/usr/bin/mkdir -p'
MSYS_FALSE=''
MSYS_TRUE='#'
NETBSD_FALSE=''
NETBSD_TRUE='#'
NM='/usr/bin/nm -B'
NMEDIT=''
OBJDUMP='objdump'
OBJEXT='o'
OPENBSD_FALSE=''
OPENBSD_TRUE='#'
OS390_FALSE=''
OS390_TRUE='#'
OS400_FALSE=''
OS400_TRUE='#'
OTOOL64=''
OTOOL=''
PACKAGE='libuv'
PACKAGE_BUGREPORT='https://github.com/libuv/libuv/issues'
PACKAGE_NAME='libuv'
PACKAGE_STRING='libuv 1.34.2'
PACKAGE_TARNAME='libuv'
PACKAGE_URL=''
PACKAGE_VERSION='1.34.2'
PATH_SEPARATOR=':'
RANLIB='ranlib'
SED='/usr/bin/sed'
SET_MAKE=''
SHELL='/bin/sh'
STRIP='strip'
SUNOS_FALSE=''
SUNOS_TRUE='#'
VERSION='1.34.2'
WINNT_FALSE=''
WINNT_TRUE='#'
ac_ct_AR='ar'
ac_ct_CC='/usr/bin/cc'
ac_ct_DUMPBIN=''
am__EXEEXT_FALSE=''
am__EXEEXT_TRUE='#'
am__fastdepCC_FALSE='#'
am__fastdepCC_TRUE=''
am__include='include'
am__isrc=' -I$(srcdir)'
am__leading_dot='.'
am__nodep='_no'
am__quote=''
am__tar='$${TAR-tar} chof - "$$tardir"'
am__untar='$${TAR-tar} xf -'
bindir='${exec_prefix}/bin'
build='x86_64-unknown-linux-gnu'
build_alias=''
build_cpu='x86_64'
build_os='linux-gnu'
build_vendor='unknown'
datadir='${datarootdir}'
datarootdir='${prefix}/share'
docdir='${datarootdir}/doc/${PACKAGE_TARNAME}'
dvidir='${docdir}'
exec_prefix='${prefix}'
host='x86_64-unknown-linux-gnu'
host_alias=''
host_cpu='x86_64'
host_os='linux-gnu'
host_vendor='unknown'
htmldir='${docdir}'
includedir='${prefix}/include'
infodir='${datarootdir}/info'
install_sh='${SHELL} /tmp/neovim/.deps/build/src/libuv/install-sh'
libdir='/tmp/neovim/.deps/usr/lib'
libexecdir='${exec_prefix}/libexec'
localedir='${datarootdir}/locale'
localstatedir='${prefix}/var'
mandir='${datarootdir}/man'
mkdir_p='$(MKDIR_P)'
oldincludedir='/usr/include'
pdfdir='${docdir}'
prefix='/tmp/neovim/.deps/usr'
program_transform_name='s,x,x,'
psdir='${docdir}'
sbindir='${exec_prefix}/sbin'
sharedstatedir='${prefix}/com'
sysconfdir='${prefix}/etc'
target_alias=''

## ----------- ##
## confdefs.h. ##
## ----------- ##

/* confdefs.h */
#define PACKAGE_NAME "libuv"
#define PACKAGE_TARNAME "libuv"
#define PACKAGE_VERSION "1.34.2"
#define PACKAGE_STRING "libuv 1.34.2"
#define PACKAGE_BUGREPORT "https://github.com/libuv/libuv/issues"
#define PACKAGE_URL ""
#define PACKAGE "libuv"
#define VERSION "1.34.2"
#define SUPPORT_FLAG_VISIBILITY 1
#define STDC_HEADERS 1
#define HAVE_SYS_TYPES_H 1
#define HAVE_SYS_STAT_H 1
#define HAVE_STDLIB_H 1
#define HAVE_STRING_H 1
#define HAVE_MEMORY_H 1
#define HAVE_STRINGS_H 1
#define HAVE_INTTYPES_H 1
#define HAVE_STDINT_H 1
#define HAVE_UNISTD_H 1
#define HAVE_DLFCN_H 1
#define LT_OBJDIR ".libs/"
#define HAVE_LIBDL 1
#define HAVE_LIBNSL 1
#define HAVE_LIBPTHREAD 1
#define HAVE_LIBRT 1

configure: exit 0
